0 info it worked if it ends with ok
1 verbose cli [ '/home/youssef/.nvm/versions/node/v6.12.2/bin/node',
1 verbose cli   '/home/youssef/.nvm/versions/node/v6.12.2/bin/npm',
1 verbose cli   'run',
1 verbose cli   'dev' ]
2 info using npm@3.10.10
3 info using node@v6.12.2
4 verbose run-script [ 'predev', 'dev', 'postdev' ]
5 info lifecycle ChatApp@0.0.0~predev: ChatApp@0.0.0
6 silly lifecycle ChatApp@0.0.0~predev: no script for predev, continuing
7 info lifecycle ChatApp@0.0.0~dev: ChatApp@0.0.0
8 verbose lifecycle ChatApp@0.0.0~dev: unsafe-perm in lifecycle true
9 verbose lifecycle ChatApp@0.0.0~dev: PATH: /home/youssef/.nvm/versions/node/v6.12.2/lib/node_modules/npm/bin/node-gyp-bin:/home/youssef/Desktop/chatApp/front/node_modules/.bin:/home/youssef/.nvm/versions/node/v6.12.2/bin:/usr/local/sbin:/usr/local/bin:/usr/sbin:/usr/bin:/sbin:/bin:/usr/games:/usr/local/games:/snap/bin:/home/youssef/Android/tools:/home/youssef/Android/platform-tools
10 verbose lifecycle ChatApp@0.0.0~dev: CWD: /home/youssef/Desktop/chatApp/front
11 silly lifecycle ChatApp@0.0.0~dev: Args: [ '-c', 'webpack-dev-server --content-base src --inline --hot' ]
12 silly lifecycle ChatApp@0.0.0~dev: Returned: code: 143  signal: null
13 info lifecycle ChatApp@0.0.0~dev: Failed to exec dev script
14 verbose stack Error: ChatApp@0.0.0 dev: `webpack-dev-server --content-base src --inline --hot`
14 verbose stack Exit status 143
14 verbose stack     at EventEmitter.<anonymous> (/home/youssef/.nvm/versions/node/v6.12.2/lib/node_modules/npm/lib/utils/lifecycle.js:255:16)
14 verbose stack     at emitTwo (events.js:106:13)
14 verbose stack     at EventEmitter.emit (events.js:191:7)
14 verbose stack     at ChildProcess.<anonymous> (/home/youssef/.nvm/versions/node/v6.12.2/lib/node_modules/npm/lib/utils/spawn.js:40:14)
14 verbose stack     at emitTwo (events.js:106:13)
14 verbose stack     at ChildProcess.emit (events.js:191:7)
14 verbose stack     at maybeClose (internal/child_process.js:920:16)
14 verbose stack     at Process.ChildProcess._handle.onexit (internal/child_process.js:230:5)
15 verbose pkgid ChatApp@0.0.0
16 verbose cwd /home/youssef/Desktop/chatApp/front
17 error Linux 4.4.0-112-generic
18 error argv "/home/youssef/.nvm/versions/node/v6.12.2/bin/node" "/home/youssef/.nvm/versions/node/v6.12.2/bin/npm" "run" "dev"
19 error node v6.12.2
20 error npm  v3.10.10
21 error code ELIFECYCLE
22 error ChatApp@0.0.0 dev: `webpack-dev-server --content-base src --inline --hot`
22 error Exit status 143
23 error Failed at the ChatApp@0.0.0 dev script 'webpack-dev-server --content-base src --inline --hot'.
23 error Make sure you have the latest version of node.js and npm installed.
23 error If you do, this is most likely a problem with the ChatApp package,
23 error not with npm itself.
23 error Tell the author that this fails on your system:
23 error     webpack-dev-server --content-base src --inline --hot
23 error You can get information on how to open an issue for this project with:
23 error     npm bugs ChatApp
23 error Or if that isn't available, you can get their info via:
23 error     npm owner ls ChatApp
23 error There is likely additional logging output above.
24 verbose exit [ 1, true ]
